<?xml version="1.0" encoding="UTF-8"?>
<testsuite xmlns:xsi="http://www.w3.org/2001/XMLSchema-instance" xsi:noNamespaceSchemaLocation="https://maven.apache.org/surefire/maven-surefire-plugin/xsd/surefire-test-report-3.0.xsd" version="3.0" name="com.syntaxerror.biblioteca.persistance.dao.EditorialDAOTest" time="86.261" tests="5" errors="0" skipped="0" failures="0">
  <properties>
[...]
</properties>
  <testcase name="testModificar" classname="com.syntaxerror.biblioteca.persistance.dao.EditorialDAOTest" time="21.067">
    <system-out><![CDATA[modificar
97
Insertando editorial con ID: 97
62
Insertando material para editorial con ID: 97


98
63
Insertando material para editorial con ID: 97


1
1
Tiene materiales
DELETE FROM BIB_EDITORIAL WHERE ID_EDITORIAL=?
1
No existen materiales asociados a la editorial con ID: 98
DELETE FROM BIB_EDITORIAL WHERE ID_EDITORIAL=?
1
]]></system-out>
    <system-err><![CDATA[may. 09, 2025 10:09:56 P. M. com.syntaxerror.biblioteca.persistance.dao.impl.DAOImplBase ejecutarModificacionEnBD
INFO: com.mysql.cj.jdbc.CallableStatement: INSERT INTO BIB_EDITORIAL(NOMBRE, SITIOWEB, PAIS) VALUES ('Editorial Planeta', 'https://www.planetadelibros.com', 'España')
may. 09, 2025 10:09:58 P. M. com.syntaxerror.biblioteca.persistance.dao.impl.DAOImplBase ejecutarModificacionEnBD
INFO: com.mysql.cj.jdbc.CallableStatement: INSERT INTO BIB_MATERIAL(TITULO, EDICION, NIVEL, ANHIO_PUBLICACION, EDITORIAL_IDEDITORIAL) VALUES ('Material 1', NULL, 'BASICO', 2002, 97)
may. 09, 2025 10:10:00 P. M. com.syntaxerror.biblioteca.persistance.dao.impl.DAOImplBase ejecutarModificacionEnBD
INFO: com.mysql.cj.jdbc.CallableStatement: INSERT INTO BIB_EDITORIAL(NOMBRE, SITIOWEB, PAIS) VALUES ('Penguin Random House', 'https://www.penguinrandomhouse.com', 'Estados Unidos')
may. 09, 2025 10:10:01 P. M. com.syntaxerror.biblioteca.persistance.dao.impl.DAOImplBase ejecutarModificacionEnBD
INFO: com.mysql.cj.jdbc.CallableStatement: INSERT INTO BIB_MATERIAL(TITULO, EDICION, NIVEL, ANHIO_PUBLICACION, EDITORIAL_IDEDITORIAL) VALUES ('Material 1', NULL, 'BASICO', 2002, 97)
may. 09, 2025 10:10:04 P. M. com.syntaxerror.biblioteca.persistance.dao.impl.DAOImplBase ejecutarModificacionEnBD
INFO: com.mysql.cj.jdbc.CallableStatement: UPDATE BIB_EDITORIAL SET NOMBRE='NuevoNombre0', SITIOWEB='NuevoSitioWeb0', PAIS='NuevoPais0' WHERE ID_EDITORIAL=97
may. 09, 2025 10:10:05 P. M. com.syntaxerror.biblioteca.persistance.dao.impl.DAOImplBase ejecutarModificacionEnBD
INFO: com.mysql.cj.jdbc.CallableStatement: UPDATE BIB_EDITORIAL SET NOMBRE='NuevoNombre1', SITIOWEB='NuevoSitioWeb1', PAIS='NuevoPais1' WHERE ID_EDITORIAL=98
may. 09, 2025 10:10:09 P. M. com.syntaxerror.biblioteca.persistance.dao.impl.DAOImplBase ejecutarModificacionEnBD
INFO: com.mysql.cj.jdbc.CallableStatement: DELETE FROM BIB_MATERIAL WHERE EDITORIAL_IDEDITORIAL = 97
may. 09, 2025 10:10:11 P. M. com.syntaxerror.biblioteca.persistance.dao.impl.DAOImplBase ejecutarModificacionEnBD
INFO: com.mysql.cj.jdbc.CallableStatement: DELETE FROM BIB_EDITORIAL WHERE ID_EDITORIAL=97
may. 09, 2025 10:10:14 P. M. com.syntaxerror.biblioteca.persistance.dao.impl.DAOImplBase ejecutarModificacionEnBD
INFO: com.mysql.cj.jdbc.CallableStatement: DELETE FROM BIB_EDITORIAL WHERE ID_EDITORIAL=98
]]></system-err>
  </testcase>
  <testcase name="testObtenerPorId" classname="com.syntaxerror.biblioteca.persistance.dao.EditorialDAOTest" time="17.811">
    <system-out><![CDATA[obtenerPorId
99
Insertando editorial con ID: 99
64
Insertando material para editorial con ID: 99


100
65
Insertando material para editorial con ID: 99


Tiene materiales
DELETE FROM BIB_EDITORIAL WHERE ID_EDITORIAL=?
1
No existen materiales asociados a la editorial con ID: 100
DELETE FROM BIB_EDITORIAL WHERE ID_EDITORIAL=?
1
]]></system-out>
    <system-err><![CDATA[may. 09, 2025 10:10:17 P. M. com.syntaxerror.biblioteca.persistance.dao.impl.DAOImplBase ejecutarModificacionEnBD
INFO: com.mysql.cj.jdbc.CallableStatement: INSERT INTO BIB_EDITORIAL(NOMBRE, SITIOWEB, PAIS) VALUES ('Editorial Planeta', 'https://www.planetadelibros.com', 'España')
may. 09, 2025 10:10:19 P. M. com.syntaxerror.biblioteca.persistance.dao.impl.DAOImplBase ejecutarModificacionEnBD
INFO: com.mysql.cj.jdbc.CallableStatement: INSERT INTO BIB_MATERIAL(TITULO, EDICION, NIVEL, ANHIO_PUBLICACION, EDITORIAL_IDEDITORIAL) VALUES ('Material 1', NULL, 'BASICO', 2002, 99)
may. 09, 2025 10:10:20 P. M. com.syntaxerror.biblioteca.persistance.dao.impl.DAOImplBase ejecutarModificacionEnBD
INFO: com.mysql.cj.jdbc.CallableStatement: INSERT INTO BIB_EDITORIAL(NOMBRE, SITIOWEB, PAIS) VALUES ('Penguin Random House', 'https://www.penguinrandomhouse.com', 'Estados Unidos')
may. 09, 2025 10:10:22 P. M. com.syntaxerror.biblioteca.persistance.dao.impl.DAOImplBase ejecutarModificacionEnBD
INFO: com.mysql.cj.jdbc.CallableStatement: INSERT INTO BIB_MATERIAL(TITULO, EDICION, NIVEL, ANHIO_PUBLICACION, EDITORIAL_IDEDITORIAL) VALUES ('Material 1', NULL, 'BASICO', 2002, 99)
may. 09, 2025 10:10:27 P. M. com.syntaxerror.biblioteca.persistance.dao.impl.DAOImplBase ejecutarModificacionEnBD
INFO: com.mysql.cj.jdbc.CallableStatement: DELETE FROM BIB_MATERIAL WHERE EDITORIAL_IDEDITORIAL = 99
may. 09, 2025 10:10:28 P. M. com.syntaxerror.biblioteca.persistance.dao.impl.DAOImplBase ejecutarModificacionEnBD
INFO: com.mysql.cj.jdbc.CallableStatement: DELETE FROM BIB_EDITORIAL WHERE ID_EDITORIAL=99
may. 09, 2025 10:10:32 P. M. com.syntaxerror.biblioteca.persistance.dao.impl.DAOImplBase ejecutarModificacionEnBD
INFO: com.mysql.cj.jdbc.CallableStatement: DELETE FROM BIB_EDITORIAL WHERE ID_EDITORIAL=100
]]></system-err>
  </testcase>
  <testcase name="testEliminar" classname="com.syntaxerror.biblioteca.persistance.dao.EditorialDAOTest" time="15.468">
    <system-out><![CDATA[eliminar
101
Insertando editorial con ID: 101
66
Insertando material para editorial con ID: 101


102
67
Insertando material para editorial con ID: 101


Tiene materiales
DELETE FROM BIB_EDITORIAL WHERE ID_EDITORIAL=?
1
No existen materiales asociados a la editorial con ID: 102
DELETE FROM BIB_EDITORIAL WHERE ID_EDITORIAL=?
1
]]></system-out>
    <system-err><![CDATA[may. 09, 2025 10:10:35 P. M. com.syntaxerror.biblioteca.persistance.dao.impl.DAOImplBase ejecutarModificacionEnBD
INFO: com.mysql.cj.jdbc.CallableStatement: INSERT INTO BIB_EDITORIAL(NOMBRE, SITIOWEB, PAIS) VALUES ('Editorial Planeta', 'https://www.planetadelibros.com', 'España')
may. 09, 2025 10:10:36 P. M. com.syntaxerror.biblioteca.persistance.dao.impl.DAOImplBase ejecutarModificacionEnBD
INFO: com.mysql.cj.jdbc.CallableStatement: INSERT INTO BIB_MATERIAL(TITULO, EDICION, NIVEL, ANHIO_PUBLICACION, EDITORIAL_IDEDITORIAL) VALUES ('Material 1', NULL, 'BASICO', 2002, 101)
may. 09, 2025 10:10:38 P. M. com.syntaxerror.biblioteca.persistance.dao.impl.DAOImplBase ejecutarModificacionEnBD
INFO: com.mysql.cj.jdbc.CallableStatement: INSERT INTO BIB_EDITORIAL(NOMBRE, SITIOWEB, PAIS) VALUES ('Penguin Random House', 'https://www.penguinrandomhouse.com', 'Estados Unidos')
may. 09, 2025 10:10:40 P. M. com.syntaxerror.biblioteca.persistance.dao.impl.DAOImplBase ejecutarModificacionEnBD
INFO: com.mysql.cj.jdbc.CallableStatement: INSERT INTO BIB_MATERIAL(TITULO, EDICION, NIVEL, ANHIO_PUBLICACION, EDITORIAL_IDEDITORIAL) VALUES ('Material 1', NULL, 'BASICO', 2002, 101)
may. 09, 2025 10:10:42 P. M. com.syntaxerror.biblioteca.persistance.dao.impl.DAOImplBase ejecutarModificacionEnBD
INFO: com.mysql.cj.jdbc.CallableStatement: DELETE FROM BIB_MATERIAL WHERE EDITORIAL_IDEDITORIAL = 101
may. 09, 2025 10:10:44 P. M. com.syntaxerror.biblioteca.persistance.dao.impl.DAOImplBase ejecutarModificacionEnBD
INFO: com.mysql.cj.jdbc.CallableStatement: DELETE FROM BIB_EDITORIAL WHERE ID_EDITORIAL=101
may. 09, 2025 10:10:48 P. M. com.syntaxerror.biblioteca.persistance.dao.impl.DAOImplBase ejecutarModificacionEnBD
INFO: com.mysql.cj.jdbc.CallableStatement: DELETE FROM BIB_EDITORIAL WHERE ID_EDITORIAL=102
]]></system-err>
  </testcase>
  <testcase name="testInsertar" classname="com.syntaxerror.biblioteca.persistance.dao.EditorialDAOTest" time="15.527">
    <system-out><![CDATA[insertar
103
Insertando editorial con ID: 103
68
Insertando material para editorial con ID: 103


104
69
Insertando material para editorial con ID: 103


Tiene materiales
DELETE FROM BIB_EDITORIAL WHERE ID_EDITORIAL=?
1
No existen materiales asociados a la editorial con ID: 104
DELETE FROM BIB_EDITORIAL WHERE ID_EDITORIAL=?
1
]]></system-out>
    <system-err><![CDATA[may. 09, 2025 10:10:50 P. M. com.syntaxerror.biblioteca.persistance.dao.impl.DAOImplBase ejecutarModificacionEnBD
INFO: com.mysql.cj.jdbc.CallableStatement: INSERT INTO BIB_EDITORIAL(NOMBRE, SITIOWEB, PAIS) VALUES ('Editorial Planeta', 'https://www.planetadelibros.com', 'España')
may. 09, 2025 10:10:52 P. M. com.syntaxerror.biblioteca.persistance.dao.impl.DAOImplBase ejecutarModificacionEnBD
INFO: com.mysql.cj.jdbc.CallableStatement: INSERT INTO BIB_MATERIAL(TITULO, EDICION, NIVEL, ANHIO_PUBLICACION, EDITORIAL_IDEDITORIAL) VALUES ('Material 1', NULL, 'BASICO', 2002, 103)
may. 09, 2025 10:10:53 P. M. com.syntaxerror.biblioteca.persistance.dao.impl.DAOImplBase ejecutarModificacionEnBD
INFO: com.mysql.cj.jdbc.CallableStatement: INSERT INTO BIB_EDITORIAL(NOMBRE, SITIOWEB, PAIS) VALUES ('Penguin Random House', 'https://www.penguinrandomhouse.com', 'Estados Unidos')
may. 09, 2025 10:10:55 P. M. com.syntaxerror.biblioteca.persistance.dao.impl.DAOImplBase ejecutarModificacionEnBD
INFO: com.mysql.cj.jdbc.CallableStatement: INSERT INTO BIB_MATERIAL(TITULO, EDICION, NIVEL, ANHIO_PUBLICACION, EDITORIAL_IDEDITORIAL) VALUES ('Material 1', NULL, 'BASICO', 2002, 103)
may. 09, 2025 10:10:58 P. M. com.syntaxerror.biblioteca.persistance.dao.impl.DAOImplBase ejecutarModificacionEnBD
INFO: com.mysql.cj.jdbc.CallableStatement: DELETE FROM BIB_MATERIAL WHERE EDITORIAL_IDEDITORIAL = 103
may. 09, 2025 10:10:59 P. M. com.syntaxerror.biblioteca.persistance.dao.impl.DAOImplBase ejecutarModificacionEnBD
INFO: com.mysql.cj.jdbc.CallableStatement: DELETE FROM BIB_EDITORIAL WHERE ID_EDITORIAL=103
may. 09, 2025 10:11:03 P. M. com.syntaxerror.biblioteca.persistance.dao.impl.DAOImplBase ejecutarModificacionEnBD
INFO: com.mysql.cj.jdbc.CallableStatement: DELETE FROM BIB_EDITORIAL WHERE ID_EDITORIAL=104
]]></system-err>
  </testcase>
  <testcase name="testListarTodos" classname="com.syntaxerror.biblioteca.persistance.dao.EditorialDAOTest" time="16.368">
    <system-out><![CDATA[listarTodos
105
Insertando editorial con ID: 105
70
Insertando material para editorial con ID: 105


106
71
Insertando material para editorial con ID: 105


Tiene materiales
DELETE FROM BIB_EDITORIAL WHERE ID_EDITORIAL=?
1
No existen materiales asociados a la editorial con ID: 106
DELETE FROM BIB_EDITORIAL WHERE ID_EDITORIAL=?
1
]]></system-out>
    <system-err><![CDATA[may. 09, 2025 10:11:06 P. M. com.syntaxerror.biblioteca.persistance.dao.impl.DAOImplBase ejecutarModificacionEnBD
INFO: com.mysql.cj.jdbc.CallableStatement: INSERT INTO BIB_EDITORIAL(NOMBRE, SITIOWEB, PAIS) VALUES ('Editorial Planeta', 'https://www.planetadelibros.com', 'España')
may. 09, 2025 10:11:07 P. M. com.syntaxerror.biblioteca.persistance.dao.impl.DAOImplBase ejecutarModificacionEnBD
INFO: com.mysql.cj.jdbc.CallableStatement: INSERT INTO BIB_MATERIAL(TITULO, EDICION, NIVEL, ANHIO_PUBLICACION, EDITORIAL_IDEDITORIAL) VALUES ('Material 1', NULL, 'BASICO', 2002, 105)
may. 09, 2025 10:11:09 P. M. com.syntaxerror.biblioteca.persistance.dao.impl.DAOImplBase ejecutarModificacionEnBD
INFO: com.mysql.cj.jdbc.CallableStatement: INSERT INTO BIB_EDITORIAL(NOMBRE, SITIOWEB, PAIS) VALUES ('Penguin Random House', 'https://www.penguinrandomhouse.com', 'Estados Unidos')
may. 09, 2025 10:11:10 P. M. com.syntaxerror.biblioteca.persistance.dao.impl.DAOImplBase ejecutarModificacionEnBD
INFO: com.mysql.cj.jdbc.CallableStatement: INSERT INTO BIB_MATERIAL(TITULO, EDICION, NIVEL, ANHIO_PUBLICACION, EDITORIAL_IDEDITORIAL) VALUES ('Material 1', NULL, 'BASICO', 2002, 105)
may. 09, 2025 10:11:14 P. M. com.syntaxerror.biblioteca.persistance.dao.impl.DAOImplBase ejecutarModificacionEnBD
INFO: com.mysql.cj.jdbc.CallableStatement: DELETE FROM BIB_MATERIAL WHERE EDITORIAL_IDEDITORIAL = 105
may. 09, 2025 10:11:16 P. M. com.syntaxerror.biblioteca.persistance.dao.impl.DAOImplBase ejecutarModificacionEnBD
INFO: com.mysql.cj.jdbc.CallableStatement: DELETE FROM BIB_EDITORIAL WHERE ID_EDITORIAL=105
may. 09, 2025 10:11:20 P. M. com.syntaxerror.biblioteca.persistance.dao.impl.DAOImplBase ejecutarModificacionEnBD
INFO: com.mysql.cj.jdbc.CallableStatement: DELETE FROM BIB_EDITORIAL WHERE ID_EDITORIAL=106
]]></system-err>
  </testcase>
</testsuite>