<?xml version="1.0" encoding="UTF-8"?>
<testsuite xmlns:xsi="http://www.w3.org/2001/XMLSchema-instance" xsi:noNamespaceSchemaLocation="https://maven.apache.org/surefire/maven-surefire-plugin/xsd/surefire-test-report-3.0.xsd" version="3.0" name="com.syntaxerror.biblioteca.db.util.CifradoTest" time="0.119" tests="1" errors="0" skipped="0" failures="0">
  <properties>
[...]
</properties>
  <testcase name="testDescifrarMD5" classname="com.syntaxerror.biblioteca.db.util.CifradoTest" time="0.091">
    <system-out><![CDATA[descifrarMD5
]]></system-out>
  </testcase>
</testsuite>