<?xml version="1.0" encoding="UTF-8"?>
<testsuite xmlns:xsi="http://www.w3.org/2001/XMLSchema-instance" xsi:noNamespaceSchemaLocation="https://maven.apache.org/surefire/maven-surefire-plugin/xsd/surefire-test-report-3.0.xsd" version="3.0" name="com.syntaxerror.biblioteca.persistance.dao.AutorDAOTest" time="204.691" tests="5" errors="0" skipped="0" failures="0">
  <properties>
[...]
</properties>
  <testcase name="testModificar" classname="com.syntaxerror.biblioteca.persistance.dao.AutorDAOTest" time="38.964">
    <system-out><![CDATA[modificar
]]></system-out>
    <system-err><![CDATA[may. 08, 2025 7:58:12 P. M. com.syntaxerror.biblioteca.persistance.dao.impl.DAOImplBase ejecutarModificacionEnBD
INFO: com.mysql.cj.jdbc.CallableStatement: INSERT INTO BIB_AUTOR(NOMBRE_COMPLETO, NACIONALIDAD, ACTIVO, CANTIDAD_OBRAS) VALUES ('J.K. Rowling', 'Británica', 1, 15)
may. 08, 2025 7:58:16 P. M. com.syntaxerror.biblioteca.persistance.dao.impl.DAOImplBase ejecutarModificacionEnBD
INFO: com.mysql.cj.jdbc.CallableStatement: INSERT INTO BIB_AUTOR(NOMBRE_COMPLETO, NACIONALIDAD, ACTIVO, CANTIDAD_OBRAS) VALUES ('George Orwell', 'Británico', 0, 10)
may. 08, 2025 7:58:22 P. M. com.syntaxerror.biblioteca.persistance.dao.impl.DAOImplBase ejecutarModificacionEnBD
INFO: com.mysql.cj.jdbc.CallableStatement: UPDATE BIB_AUTOR SET NOMBRE_COMPLETO='NuevoNombre0', NACIONALIDAD='NuevoSitioWeb0', ACTIVO=0, CANTIDAD_OBRAS=12 WHERE ID_AUTOR=43
may. 08, 2025 7:58:26 P. M. com.syntaxerror.biblioteca.persistance.dao.impl.DAOImplBase ejecutarModificacionEnBD
INFO: com.mysql.cj.jdbc.CallableStatement: UPDATE BIB_AUTOR SET NOMBRE_COMPLETO='NuevoNombre1', NACIONALIDAD='NuevoSitioWeb1', ACTIVO=1, CANTIDAD_OBRAS=7 WHERE ID_AUTOR=44
may. 08, 2025 7:58:36 P. M. com.syntaxerror.biblioteca.persistance.dao.impl.DAOImplBase ejecutarModificacionEnBD
INFO: com.mysql.cj.jdbc.CallableStatement: DELETE FROM BIB_AUTOR WHERE ID_AUTOR=43
may. 08, 2025 7:58:43 P. M. com.syntaxerror.biblioteca.persistance.dao.impl.DAOImplBase ejecutarModificacionEnBD
INFO: com.mysql.cj.jdbc.CallableStatement: DELETE FROM BIB_AUTOR WHERE ID_AUTOR=44
]]></system-err>
  </testcase>
  <testcase name="testObtenerPorId" classname="com.syntaxerror.biblioteca.persistance.dao.AutorDAOTest" time="38.07">
    <system-out><![CDATA[obtenerPorId
]]></system-out>
    <system-err><![CDATA[may. 08, 2025 7:58:50 P. M. com.syntaxerror.biblioteca.persistance.dao.impl.DAOImplBase ejecutarModificacionEnBD
INFO: com.mysql.cj.jdbc.CallableStatement: INSERT INTO BIB_AUTOR(NOMBRE_COMPLETO, NACIONALIDAD, ACTIVO, CANTIDAD_OBRAS) VALUES ('J.K. Rowling', 'Británica', 1, 15)
may. 08, 2025 7:58:54 P. M. com.syntaxerror.biblioteca.persistance.dao.impl.DAOImplBase ejecutarModificacionEnBD
INFO: com.mysql.cj.jdbc.CallableStatement: INSERT INTO BIB_AUTOR(NOMBRE_COMPLETO, NACIONALIDAD, ACTIVO, CANTIDAD_OBRAS) VALUES ('George Orwell', 'Británico', 0, 10)
may. 08, 2025 7:59:11 P. M. com.syntaxerror.biblioteca.persistance.dao.impl.DAOImplBase ejecutarModificacionEnBD
INFO: com.mysql.cj.jdbc.CallableStatement: DELETE FROM BIB_AUTOR WHERE ID_AUTOR=45
may. 08, 2025 7:59:20 P. M. com.syntaxerror.biblioteca.persistance.dao.impl.DAOImplBase ejecutarModificacionEnBD
INFO: com.mysql.cj.jdbc.CallableStatement: DELETE FROM BIB_AUTOR WHERE ID_AUTOR=46
]]></system-err>
  </testcase>
  <testcase name="testEliminar" classname="com.syntaxerror.biblioteca.persistance.dao.AutorDAOTest" time="40.367">
    <system-out><![CDATA[eliminar
]]></system-out>
    <system-err><![CDATA[may. 08, 2025 7:59:29 P. M. com.syntaxerror.biblioteca.persistance.dao.impl.DAOImplBase ejecutarModificacionEnBD
INFO: com.mysql.cj.jdbc.CallableStatement: INSERT INTO BIB_AUTOR(NOMBRE_COMPLETO, NACIONALIDAD, ACTIVO, CANTIDAD_OBRAS) VALUES ('J.K. Rowling', 'Británica', 1, 15)
may. 08, 2025 7:59:38 P. M. com.syntaxerror.biblioteca.persistance.dao.impl.DAOImplBase ejecutarModificacionEnBD
INFO: com.mysql.cj.jdbc.CallableStatement: INSERT INTO BIB_AUTOR(NOMBRE_COMPLETO, NACIONALIDAD, ACTIVO, CANTIDAD_OBRAS) VALUES ('George Orwell', 'Británico', 0, 10)
may. 08, 2025 7:59:50 P. M. com.syntaxerror.biblioteca.persistance.dao.impl.DAOImplBase ejecutarModificacionEnBD
INFO: com.mysql.cj.jdbc.CallableStatement: DELETE FROM BIB_AUTOR WHERE ID_AUTOR=47
may. 08, 2025 7:59:59 P. M. com.syntaxerror.biblioteca.persistance.dao.impl.DAOImplBase ejecutarModificacionEnBD
INFO: com.mysql.cj.jdbc.CallableStatement: DELETE FROM BIB_AUTOR WHERE ID_AUTOR=48
]]></system-err>
  </testcase>
  <testcase name="testInsertar" classname="com.syntaxerror.biblioteca.persistance.dao.AutorDAOTest" time="45.973">
    <system-out><![CDATA[insertar
]]></system-out>
    <system-err><![CDATA[may. 08, 2025 8:00:18 P. M. com.syntaxerror.biblioteca.persistance.dao.impl.DAOImplBase ejecutarModificacionEnBD
INFO: com.mysql.cj.jdbc.CallableStatement: INSERT INTO BIB_AUTOR(NOMBRE_COMPLETO, NACIONALIDAD, ACTIVO, CANTIDAD_OBRAS) VALUES ('J.K. Rowling', 'Británica', 1, 15)
may. 08, 2025 8:00:23 P. M. com.syntaxerror.biblioteca.persistance.dao.impl.DAOImplBase ejecutarModificacionEnBD
INFO: com.mysql.cj.jdbc.CallableStatement: INSERT INTO BIB_AUTOR(NOMBRE_COMPLETO, NACIONALIDAD, ACTIVO, CANTIDAD_OBRAS) VALUES ('George Orwell', 'Británico', 0, 10)
may. 08, 2025 8:00:34 P. M. com.syntaxerror.biblioteca.persistance.dao.impl.DAOImplBase ejecutarModificacionEnBD
INFO: com.mysql.cj.jdbc.CallableStatement: DELETE FROM BIB_AUTOR WHERE ID_AUTOR=49
may. 08, 2025 8:00:45 P. M. com.syntaxerror.biblioteca.persistance.dao.impl.DAOImplBase ejecutarModificacionEnBD
INFO: com.mysql.cj.jdbc.CallableStatement: DELETE FROM BIB_AUTOR WHERE ID_AUTOR=50
]]></system-err>
  </testcase>
  <testcase name="testListarTodos" classname="com.syntaxerror.biblioteca.persistance.dao.AutorDAOTest" time="41.283">
    <system-out><![CDATA[listarTodos
]]></system-out>
    <system-err><![CDATA[may. 08, 2025 8:00:58 P. M. com.syntaxerror.biblioteca.persistance.dao.impl.DAOImplBase ejecutarModificacionEnBD
INFO: com.mysql.cj.jdbc.CallableStatement: INSERT INTO BIB_AUTOR(NOMBRE_COMPLETO, NACIONALIDAD, ACTIVO, CANTIDAD_OBRAS) VALUES ('J.K. Rowling', 'Británica', 1, 15)
may. 08, 2025 8:01:03 P. M. com.syntaxerror.biblioteca.persistance.dao.impl.DAOImplBase ejecutarModificacionEnBD
INFO: com.mysql.cj.jdbc.CallableStatement: INSERT INTO BIB_AUTOR(NOMBRE_COMPLETO, NACIONALIDAD, ACTIVO, CANTIDAD_OBRAS) VALUES ('George Orwell', 'Británico', 0, 10)
may. 08, 2025 8:01:17 P. M. com.syntaxerror.biblioteca.persistance.dao.impl.DAOImplBase ejecutarModificacionEnBD
INFO: com.mysql.cj.jdbc.CallableStatement: DELETE FROM BIB_AUTOR WHERE ID_AUTOR=51
may. 08, 2025 8:01:28 P. M. com.syntaxerror.biblioteca.persistance.dao.impl.DAOImplBase ejecutarModificacionEnBD
INFO: com.mysql.cj.jdbc.CallableStatement: DELETE FROM BIB_AUTOR WHERE ID_AUTOR=52
]]></system-err>
  </testcase>
</testsuite>