<?xml version="1.0" encoding="UTF-8"?>
<testsuite xmlns:xsi="http://www.w3.org/2001/XMLSchema-instance" xsi:noNamespaceSchemaLocation="https://maven.apache.org/surefire/maven-surefire-plugin/xsd/surefire-test-report-3.0.xsd" version="3.0" name="com.syntaxerror.biblioteca.persistance.dao.SedeDAOTest" time="45.887" tests="5" errors="0" skipped="0" failures="0">
  <properties>
[...]
</properties>
  <testcase name="testModificar" classname="com.syntaxerror.biblioteca.persistance.dao.SedeDAOTest" time="11.801">
    <system-out><![CDATA[modificar
]]></system-out>
    <system-err><![CDATA[may. 03, 2025 10:45:24 P. M. com.syntaxerror.biblioteca.persistance.dao.impl.DAOImplBase ejecutarModificacionEnBD
INFO: com.mysql.cj.jdbc.CallableStatement: INSERT INTO BIB_SEDE(NOMBRE, DIRECCION, DISTRITO, TELEFONO_CONTACTO, CORREO_CONTACTO, ACTIVA) VALUES ('Sede Central', 'Av. Principal 123', 'Distrito Central', '987654321', 'sede.central@email.com', 1)
may. 03, 2025 10:45:25 P. M. com.syntaxerror.biblioteca.persistance.dao.impl.DAOImplBase ejecutarModificacionEnBD
INFO: com.mysql.cj.jdbc.CallableStatement: INSERT INTO BIB_SEDE(NOMBRE, DIRECCION, DISTRITO, TELEFONO_CONTACTO, CORREO_CONTACTO, ACTIVA) VALUES ('Sede PUCP', 'Av. Universitaria 456', 'San Miguel', '123456789', 'sede.pucp@email.com', 1)
may. 03, 2025 10:45:28 P. M. com.syntaxerror.biblioteca.persistance.dao.impl.DAOImplBase ejecutarModificacionEnBD
INFO: com.mysql.cj.jdbc.CallableStatement: UPDATE BIB_SEDE SET NOMBRE='NuevoNombre0', DIRECCION='NuevaDireccion0', DISTRITO='NuevoDistrito0', TELEFONO_CONTACTO='NuevoTelefono0', CORREO_CONTACTO='NuevoCorreo0', ACTIVA=0 WHERE ID_SEDE=195
may. 03, 2025 10:45:29 P. M. com.syntaxerror.biblioteca.persistance.dao.impl.DAOImplBase ejecutarModificacionEnBD
INFO: com.mysql.cj.jdbc.CallableStatement: UPDATE BIB_SEDE SET NOMBRE='NuevoNombre1', DIRECCION='NuevaDireccion1', DISTRITO='NuevoDistrito1', TELEFONO_CONTACTO='NuevoTelefono1', CORREO_CONTACTO='NuevoCorreo1', ACTIVA=0 WHERE ID_SEDE=196
may. 03, 2025 10:45:32 P. M. com.syntaxerror.biblioteca.persistance.dao.impl.DAOImplBase ejecutarModificacionEnBD
INFO: com.mysql.cj.jdbc.CallableStatement: DELETE FROM BIB_SEDE WHERE ID_SEDE=195
may. 03, 2025 10:45:34 P. M. com.syntaxerror.biblioteca.persistance.dao.impl.DAOImplBase ejecutarModificacionEnBD
INFO: com.mysql.cj.jdbc.CallableStatement: DELETE FROM BIB_SEDE WHERE ID_SEDE=196
]]></system-err>
  </testcase>
  <testcase name="testObtenerPorId" classname="com.syntaxerror.biblioteca.persistance.dao.SedeDAOTest" time="9.445">
    <system-out><![CDATA[obtenerPorId
]]></system-out>
    <system-err><![CDATA[may. 03, 2025 10:45:36 P. M. com.syntaxerror.biblioteca.persistance.dao.impl.DAOImplBase ejecutarModificacionEnBD
INFO: com.mysql.cj.jdbc.CallableStatement: INSERT INTO BIB_SEDE(NOMBRE, DIRECCION, DISTRITO, TELEFONO_CONTACTO, CORREO_CONTACTO, ACTIVA) VALUES ('Sede Central', 'Av. Principal 123', 'Distrito Central', '987654321', 'sede.central@email.com', 1)
may. 03, 2025 10:45:37 P. M. com.syntaxerror.biblioteca.persistance.dao.impl.DAOImplBase ejecutarModificacionEnBD
INFO: com.mysql.cj.jdbc.CallableStatement: INSERT INTO BIB_SEDE(NOMBRE, DIRECCION, DISTRITO, TELEFONO_CONTACTO, CORREO_CONTACTO, ACTIVA) VALUES ('Sede PUCP', 'Av. Universitaria 456', 'San Miguel', '123456789', 'sede.pucp@email.com', 1)
may. 03, 2025 10:45:41 P. M. com.syntaxerror.biblioteca.persistance.dao.impl.DAOImplBase ejecutarModificacionEnBD
INFO: com.mysql.cj.jdbc.CallableStatement: DELETE FROM BIB_SEDE WHERE ID_SEDE=197
may. 03, 2025 10:45:43 P. M. com.syntaxerror.biblioteca.persistance.dao.impl.DAOImplBase ejecutarModificacionEnBD
INFO: com.mysql.cj.jdbc.CallableStatement: DELETE FROM BIB_SEDE WHERE ID_SEDE=198
]]></system-err>
  </testcase>
  <testcase name="testEliminar" classname="com.syntaxerror.biblioteca.persistance.dao.SedeDAOTest" time="7.603">
    <system-out><![CDATA[eliminar
]]></system-out>
    <system-err><![CDATA[may. 03, 2025 10:45:45 P. M. com.syntaxerror.biblioteca.persistance.dao.impl.DAOImplBase ejecutarModificacionEnBD
INFO: com.mysql.cj.jdbc.CallableStatement: INSERT INTO BIB_SEDE(NOMBRE, DIRECCION, DISTRITO, TELEFONO_CONTACTO, CORREO_CONTACTO, ACTIVA) VALUES ('Sede Central', 'Av. Principal 123', 'Distrito Central', '987654321', 'sede.central@email.com', 1)
may. 03, 2025 10:45:47 P. M. com.syntaxerror.biblioteca.persistance.dao.impl.DAOImplBase ejecutarModificacionEnBD
INFO: com.mysql.cj.jdbc.CallableStatement: INSERT INTO BIB_SEDE(NOMBRE, DIRECCION, DISTRITO, TELEFONO_CONTACTO, CORREO_CONTACTO, ACTIVA) VALUES ('Sede PUCP', 'Av. Universitaria 456', 'San Miguel', '123456789', 'sede.pucp@email.com', 1)
may. 03, 2025 10:45:49 P. M. com.syntaxerror.biblioteca.persistance.dao.impl.DAOImplBase ejecutarModificacionEnBD
INFO: com.mysql.cj.jdbc.CallableStatement: DELETE FROM BIB_SEDE WHERE ID_SEDE=199
may. 03, 2025 10:45:51 P. M. com.syntaxerror.biblioteca.persistance.dao.impl.DAOImplBase ejecutarModificacionEnBD
INFO: com.mysql.cj.jdbc.CallableStatement: DELETE FROM BIB_SEDE WHERE ID_SEDE=200
]]></system-err>
  </testcase>
  <testcase name="testInsertar" classname="com.syntaxerror.biblioteca.persistance.dao.SedeDAOTest" time="8.535">
    <system-out><![CDATA[insertar
]]></system-out>
    <system-err><![CDATA[may. 03, 2025 10:45:54 P. M. com.syntaxerror.biblioteca.persistance.dao.impl.DAOImplBase ejecutarModificacionEnBD
INFO: com.mysql.cj.jdbc.CallableStatement: INSERT INTO BIB_SEDE(NOMBRE, DIRECCION, DISTRITO, TELEFONO_CONTACTO, CORREO_CONTACTO, ACTIVA) VALUES ('Sede Central', 'Av. Principal 123', 'Distrito Central', '987654321', 'sede.central@email.com', 1)
may. 03, 2025 10:45:55 P. M. com.syntaxerror.biblioteca.persistance.dao.impl.DAOImplBase ejecutarModificacionEnBD
INFO: com.mysql.cj.jdbc.CallableStatement: INSERT INTO BIB_SEDE(NOMBRE, DIRECCION, DISTRITO, TELEFONO_CONTACTO, CORREO_CONTACTO, ACTIVA) VALUES ('Sede PUCP', 'Av. Universitaria 456', 'San Miguel', '123456789', 'sede.pucp@email.com', 1)
may. 03, 2025 10:45:57 P. M. com.syntaxerror.biblioteca.persistance.dao.impl.DAOImplBase ejecutarModificacionEnBD
INFO: com.mysql.cj.jdbc.CallableStatement: DELETE FROM BIB_SEDE WHERE ID_SEDE=201
may. 03, 2025 10:45:59 P. M. com.syntaxerror.biblioteca.persistance.dao.impl.DAOImplBase ejecutarModificacionEnBD
INFO: com.mysql.cj.jdbc.CallableStatement: DELETE FROM BIB_SEDE WHERE ID_SEDE=202
]]></system-err>
  </testcase>
  <testcase name="testListarTodos" classname="com.syntaxerror.biblioteca.persistance.dao.SedeDAOTest" time="8.502">
    <system-out><![CDATA[listarTodos
]]></system-out>
    <system-err><![CDATA[may. 03, 2025 10:46:02 P. M. com.syntaxerror.biblioteca.persistance.dao.impl.DAOImplBase ejecutarModificacionEnBD
INFO: com.mysql.cj.jdbc.CallableStatement: INSERT INTO BIB_SEDE(NOMBRE, DIRECCION, DISTRITO, TELEFONO_CONTACTO, CORREO_CONTACTO, ACTIVA) VALUES ('Sede Central', 'Av. Principal 123', 'Distrito Central', '987654321', 'sede.central@email.com', 1)
may. 03, 2025 10:46:03 P. M. com.syntaxerror.biblioteca.persistance.dao.impl.DAOImplBase ejecutarModificacionEnBD
INFO: com.mysql.cj.jdbc.CallableStatement: INSERT INTO BIB_SEDE(NOMBRE, DIRECCION, DISTRITO, TELEFONO_CONTACTO, CORREO_CONTACTO, ACTIVA) VALUES ('Sede PUCP', 'Av. Universitaria 456', 'San Miguel', '123456789', 'sede.pucp@email.com', 1)
may. 03, 2025 10:46:06 P. M. com.syntaxerror.biblioteca.persistance.dao.impl.DAOImplBase ejecutarModificacionEnBD
INFO: com.mysql.cj.jdbc.CallableStatement: DELETE FROM BIB_SEDE WHERE ID_SEDE=203
may. 03, 2025 10:46:08 P. M. com.syntaxerror.biblioteca.persistance.dao.impl.DAOImplBase ejecutarModificacionEnBD
INFO: com.mysql.cj.jdbc.CallableStatement: DELETE FROM BIB_SEDE WHERE ID_SEDE=204
]]></system-err>
  </testcase>
</testsuite>