<?xml version="1.0" encoding="UTF-8"?>
<testsuite xmlns:xsi="http://www.w3.org/2001/XMLSchema-instance" xsi:noNamespaceSchemaLocation="https://maven.apache.org/surefire/maven-surefire-plugin/xsd/surefire-test-report-3.0.xsd" version="3.0" name="com.syntaxerror.biblioteca.persistance.dao.AutorDAOTest" time="46.13" tests="5" errors="0" skipped="0" failures="0">
  <properties>
[...]
</properties>
  <testcase name="testModificar" classname="com.syntaxerror.biblioteca.persistance.dao.AutorDAOTest" time="11.9">
    <system-out><![CDATA[modificar
]]></system-out>
    <system-err><![CDATA[may. 03, 2025 10:43:47 P. M. com.syntaxerror.biblioteca.persistance.dao.impl.DAOImplBase ejecutarModificacionEnBD
INFO: com.mysql.cj.jdbc.CallableStatement: INSERT INTO BIB_AUTOR(NOMBRE_COMPLETO, NACIONALIDAD, ACTIVO, CANTIDAD_OBRAS) VALUES ('J.K. Rowling', 'Británica', 1, 15)
may. 03, 2025 10:43:48 P. M. com.syntaxerror.biblioteca.persistance.dao.impl.DAOImplBase ejecutarModificacionEnBD
INFO: com.mysql.cj.jdbc.CallableStatement: INSERT INTO BIB_AUTOR(NOMBRE_COMPLETO, NACIONALIDAD, ACTIVO, CANTIDAD_OBRAS) VALUES ('George Orwell', 'Británico', 0, 10)
may. 03, 2025 10:43:50 P. M. com.syntaxerror.biblioteca.persistance.dao.impl.DAOImplBase ejecutarModificacionEnBD
INFO: com.mysql.cj.jdbc.CallableStatement: UPDATE BIB_AUTOR SET NOMBRE_COMPLETO='NuevoNombre0', NACIONALIDAD='NuevoSitioWeb0', ACTIVO=0, CANTIDAD_OBRAS=12 WHERE ID_AUTOR=13
may. 03, 2025 10:43:51 P. M. com.syntaxerror.biblioteca.persistance.dao.impl.DAOImplBase ejecutarModificacionEnBD
INFO: com.mysql.cj.jdbc.CallableStatement: UPDATE BIB_AUTOR SET NOMBRE_COMPLETO='NuevoNombre1', NACIONALIDAD='NuevoSitioWeb1', ACTIVO=1, CANTIDAD_OBRAS=7 WHERE ID_AUTOR=14
may. 03, 2025 10:43:54 P. M. com.syntaxerror.biblioteca.persistance.dao.impl.DAOImplBase ejecutarModificacionEnBD
INFO: com.mysql.cj.jdbc.CallableStatement: DELETE FROM BIB_AUTOR WHERE ID_AUTOR=13
may. 03, 2025 10:43:56 P. M. com.syntaxerror.biblioteca.persistance.dao.impl.DAOImplBase ejecutarModificacionEnBD
INFO: com.mysql.cj.jdbc.CallableStatement: DELETE FROM BIB_AUTOR WHERE ID_AUTOR=14
]]></system-err>
  </testcase>
  <testcase name="testObtenerPorId" classname="com.syntaxerror.biblioteca.persistance.dao.AutorDAOTest" time="9.493">
    <system-out><![CDATA[obtenerPorId
]]></system-out>
    <system-err><![CDATA[may. 03, 2025 10:43:58 P. M. com.syntaxerror.biblioteca.persistance.dao.impl.DAOImplBase ejecutarModificacionEnBD
INFO: com.mysql.cj.jdbc.CallableStatement: INSERT INTO BIB_AUTOR(NOMBRE_COMPLETO, NACIONALIDAD, ACTIVO, CANTIDAD_OBRAS) VALUES ('J.K. Rowling', 'Británica', 1, 15)
may. 03, 2025 10:44:00 P. M. com.syntaxerror.biblioteca.persistance.dao.impl.DAOImplBase ejecutarModificacionEnBD
INFO: com.mysql.cj.jdbc.CallableStatement: INSERT INTO BIB_AUTOR(NOMBRE_COMPLETO, NACIONALIDAD, ACTIVO, CANTIDAD_OBRAS) VALUES ('George Orwell', 'Británico', 0, 10)
may. 03, 2025 10:44:04 P. M. com.syntaxerror.biblioteca.persistance.dao.impl.DAOImplBase ejecutarModificacionEnBD
INFO: com.mysql.cj.jdbc.CallableStatement: DELETE FROM BIB_AUTOR WHERE ID_AUTOR=15
may. 03, 2025 10:44:06 P. M. com.syntaxerror.biblioteca.persistance.dao.impl.DAOImplBase ejecutarModificacionEnBD
INFO: com.mysql.cj.jdbc.CallableStatement: DELETE FROM BIB_AUTOR WHERE ID_AUTOR=16
]]></system-err>
  </testcase>
  <testcase name="testEliminar" classname="com.syntaxerror.biblioteca.persistance.dao.AutorDAOTest" time="7.639">
    <system-out><![CDATA[eliminar
]]></system-out>
    <system-err><![CDATA[may. 03, 2025 10:44:08 P. M. com.syntaxerror.biblioteca.persistance.dao.impl.DAOImplBase ejecutarModificacionEnBD
INFO: com.mysql.cj.jdbc.CallableStatement: INSERT INTO BIB_AUTOR(NOMBRE_COMPLETO, NACIONALIDAD, ACTIVO, CANTIDAD_OBRAS) VALUES ('J.K. Rowling', 'Británica', 1, 15)
may. 03, 2025 10:44:09 P. M. com.syntaxerror.biblioteca.persistance.dao.impl.DAOImplBase ejecutarModificacionEnBD
INFO: com.mysql.cj.jdbc.CallableStatement: INSERT INTO BIB_AUTOR(NOMBRE_COMPLETO, NACIONALIDAD, ACTIVO, CANTIDAD_OBRAS) VALUES ('George Orwell', 'Británico', 0, 10)
may. 03, 2025 10:44:11 P. M. com.syntaxerror.biblioteca.persistance.dao.impl.DAOImplBase ejecutarModificacionEnBD
INFO: com.mysql.cj.jdbc.CallableStatement: DELETE FROM BIB_AUTOR WHERE ID_AUTOR=17
may. 03, 2025 10:44:13 P. M. com.syntaxerror.biblioteca.persistance.dao.impl.DAOImplBase ejecutarModificacionEnBD
INFO: com.mysql.cj.jdbc.CallableStatement: DELETE FROM BIB_AUTOR WHERE ID_AUTOR=18
]]></system-err>
  </testcase>
  <testcase name="testInsertar" classname="com.syntaxerror.biblioteca.persistance.dao.AutorDAOTest" time="8.537">
    <system-out><![CDATA[insertar
]]></system-out>
    <system-err><![CDATA[may. 03, 2025 10:44:16 P. M. com.syntaxerror.biblioteca.persistance.dao.impl.DAOImplBase ejecutarModificacionEnBD
INFO: com.mysql.cj.jdbc.CallableStatement: INSERT INTO BIB_AUTOR(NOMBRE_COMPLETO, NACIONALIDAD, ACTIVO, CANTIDAD_OBRAS) VALUES ('J.K. Rowling', 'Británica', 1, 15)
may. 03, 2025 10:44:18 P. M. com.syntaxerror.biblioteca.persistance.dao.impl.DAOImplBase ejecutarModificacionEnBD
INFO: com.mysql.cj.jdbc.CallableStatement: INSERT INTO BIB_AUTOR(NOMBRE_COMPLETO, NACIONALIDAD, ACTIVO, CANTIDAD_OBRAS) VALUES ('George Orwell', 'Británico', 0, 10)
may. 03, 2025 10:44:20 P. M. com.syntaxerror.biblioteca.persistance.dao.impl.DAOImplBase ejecutarModificacionEnBD
INFO: com.mysql.cj.jdbc.CallableStatement: DELETE FROM BIB_AUTOR WHERE ID_AUTOR=19
may. 03, 2025 10:44:22 P. M. com.syntaxerror.biblioteca.persistance.dao.impl.DAOImplBase ejecutarModificacionEnBD
INFO: com.mysql.cj.jdbc.CallableStatement: DELETE FROM BIB_AUTOR WHERE ID_AUTOR=20
]]></system-err>
  </testcase>
  <testcase name="testListarTodos" classname="com.syntaxerror.biblioteca.persistance.dao.AutorDAOTest" time="8.546">
    <system-out><![CDATA[listarTodos
]]></system-out>
    <system-err><![CDATA[may. 03, 2025 10:44:24 P. M. com.syntaxerror.biblioteca.persistance.dao.impl.DAOImplBase ejecutarModificacionEnBD
INFO: com.mysql.cj.jdbc.CallableStatement: INSERT INTO BIB_AUTOR(NOMBRE_COMPLETO, NACIONALIDAD, ACTIVO, CANTIDAD_OBRAS) VALUES ('J.K. Rowling', 'Británica', 1, 15)
may. 03, 2025 10:44:25 P. M. com.syntaxerror.biblioteca.persistance.dao.impl.DAOImplBase ejecutarModificacionEnBD
INFO: com.mysql.cj.jdbc.CallableStatement: INSERT INTO BIB_AUTOR(NOMBRE_COMPLETO, NACIONALIDAD, ACTIVO, CANTIDAD_OBRAS) VALUES ('George Orwell', 'Británico', 0, 10)
may. 03, 2025 10:44:28 P. M. com.syntaxerror.biblioteca.persistance.dao.impl.DAOImplBase ejecutarModificacionEnBD
INFO: com.mysql.cj.jdbc.CallableStatement: DELETE FROM BIB_AUTOR WHERE ID_AUTOR=21
may. 03, 2025 10:44:31 P. M. com.syntaxerror.biblioteca.persistance.dao.impl.DAOImplBase ejecutarModificacionEnBD
INFO: com.mysql.cj.jdbc.CallableStatement: DELETE FROM BIB_AUTOR WHERE ID_AUTOR=22
]]></system-err>
  </testcase>
</testsuite>