<?xml version="1.0" encoding="UTF-8"?>
<testsuite xmlns:xsi="http://www.w3.org/2001/XMLSchema-instance" xsi:noNamespaceSchemaLocation="https://maven.apache.org/surefire/maven-surefire-plugin/xsd/surefire-test-report-3.0.xsd" version="3.0" name="com.syntaxerror.biblioteca.persistance.dao.LectorDAOTest" time="119.409" tests="5" errors="0" skipped="0" failures="0">
  <properties>
[...]
</properties>
  <testcase name="testModificar" classname="com.syntaxerror.biblioteca.persistance.dao.LectorDAOTest" time="30.33">
    <system-out><![CDATA[---- DATOS DE BIB_PERSONA ----
ID_PERSONA: 8986
NOMBRE_COMPLETO: Juan Pérez
DIRECCION: Av. Siempre Viva 123
TELEFONO: 987654321
CORREO: juan.perez@example.com
---- DATOS DE BIB_LECTOR ----
ID_LECTOR: 40
NIVEL: BASICO
PERSONA_IDPERSONA: 8986
]]></system-out>
    <system-err><![CDATA[may. 06, 2025 12:15:13 A. M. com.syntaxerror.biblioteca.persistance.dao.impl.DAOImplBase ejecutarModificacionEnBD
INFO: com.mysql.cj.jdbc.CallableStatement: INSERT INTO BIB_SEDE(NOMBRE, DIRECCION, DISTRITO, TELEFONO_CONTACTO, CORREO_CONTACTO, ACTIVA) VALUES ('Sede Test', 'Dirección Test', 'Distrito Test', '123456789', 'test@test.com', 1)
may. 06, 2025 12:15:17 A. M. com.syntaxerror.biblioteca.persistance.dao.impl.DAOImplBase ejecutarModificacionEnBD
INFO: com.mysql.cj.jdbc.CallableStatement: INSERT INTO BIB_LECTOR(NIVEL, PERSONA_IDPERSONA) VALUES ('BASICO', 8986)
may. 06, 2025 12:15:22 A. M. com.syntaxerror.biblioteca.persistance.dao.impl.DAOImplBase ejecutarModificacionEnBD
INFO: com.mysql.cj.jdbc.CallableStatement: INSERT INTO BIB_LECTOR(NIVEL, PERSONA_IDPERSONA) VALUES ('INTERMEDIO', 8987)
may. 06, 2025 12:15:26 A. M. com.syntaxerror.biblioteca.persistance.dao.impl.DAOImplBase ejecutarModificacionEnBD
INFO: com.mysql.cj.jdbc.CallableStatement: UPDATE BIB_LECTOR SET NIVEL='AVANZADO', PERSONA_IDPERSONA=8986 WHERE ID_LECTOR=40
may. 06, 2025 12:15:29 A. M. com.syntaxerror.biblioteca.persistance.dao.impl.DAOImplBase ejecutarModificacionEnBD
INFO: com.mysql.cj.jdbc.CallableStatement: UPDATE BIB_LECTOR SET NIVEL='BASICO', PERSONA_IDPERSONA=8987 WHERE ID_LECTOR=41
may. 06, 2025 12:15:33 A. M. com.syntaxerror.biblioteca.persistance.dao.impl.DAOImplBase ejecutarModificacionEnBD
INFO: com.mysql.cj.jdbc.CallableStatement: DELETE FROM BIB_LECTOR WHERE ID_LECTOR=40
may. 06, 2025 12:15:37 A. M. com.syntaxerror.biblioteca.persistance.dao.impl.DAOImplBase ejecutarModificacionEnBD
INFO: com.mysql.cj.jdbc.CallableStatement: DELETE FROM BIB_LECTOR WHERE ID_LECTOR=41
]]></system-err>
  </testcase>
  <testcase name="testObtenerPorId" classname="com.syntaxerror.biblioteca.persistance.dao.LectorDAOTest" time="23.604">
    <system-out><![CDATA[---- DATOS DE BIB_PERSONA ----
ID_PERSONA: 8988
NOMBRE_COMPLETO: Juan Pérez
DIRECCION: Av. Siempre Viva 123
TELEFONO: 987654321
CORREO: juan.perez@example.com
---- DATOS DE BIB_LECTOR ----
ID_LECTOR: 42
NIVEL: BASICO
PERSONA_IDPERSONA: 8988
]]></system-out>
    <system-err><![CDATA[may. 06, 2025 12:15:43 A. M. com.syntaxerror.biblioteca.persistance.dao.impl.DAOImplBase ejecutarModificacionEnBD
INFO: com.mysql.cj.jdbc.CallableStatement: INSERT INTO BIB_SEDE(NOMBRE, DIRECCION, DISTRITO, TELEFONO_CONTACTO, CORREO_CONTACTO, ACTIVA) VALUES ('Sede Test', 'Dirección Test', 'Distrito Test', '123456789', 'test@test.com', 1)
may. 06, 2025 12:15:46 A. M. com.syntaxerror.biblioteca.persistance.dao.impl.DAOImplBase ejecutarModificacionEnBD
INFO: com.mysql.cj.jdbc.CallableStatement: INSERT INTO BIB_LECTOR(NIVEL, PERSONA_IDPERSONA) VALUES ('BASICO', 8988)
may. 06, 2025 12:15:51 A. M. com.syntaxerror.biblioteca.persistance.dao.impl.DAOImplBase ejecutarModificacionEnBD
INFO: com.mysql.cj.jdbc.CallableStatement: INSERT INTO BIB_LECTOR(NIVEL, PERSONA_IDPERSONA) VALUES ('INTERMEDIO', 8989)
may. 06, 2025 12:15:57 A. M. com.syntaxerror.biblioteca.persistance.dao.impl.DAOImplBase ejecutarModificacionEnBD
INFO: com.mysql.cj.jdbc.CallableStatement: DELETE FROM BIB_LECTOR WHERE ID_LECTOR=42
may. 06, 2025 12:16:01 A. M. com.syntaxerror.biblioteca.persistance.dao.impl.DAOImplBase ejecutarModificacionEnBD
INFO: com.mysql.cj.jdbc.CallableStatement: DELETE FROM BIB_LECTOR WHERE ID_LECTOR=43
]]></system-err>
  </testcase>
  <testcase name="testEliminar" classname="com.syntaxerror.biblioteca.persistance.dao.LectorDAOTest" time="21.562">
    <system-out><![CDATA[---- DATOS DE BIB_PERSONA ----
ID_PERSONA: 8990
NOMBRE_COMPLETO: Juan Pérez
DIRECCION: Av. Siempre Viva 123
TELEFONO: 987654321
CORREO: juan.perez@example.com
---- DATOS DE BIB_LECTOR ----
ID_LECTOR: 44
NIVEL: BASICO
PERSONA_IDPERSONA: 8990
]]></system-out>
    <system-err><![CDATA[may. 06, 2025 12:16:06 A. M. com.syntaxerror.biblioteca.persistance.dao.impl.DAOImplBase ejecutarModificacionEnBD
INFO: com.mysql.cj.jdbc.CallableStatement: INSERT INTO BIB_SEDE(NOMBRE, DIRECCION, DISTRITO, TELEFONO_CONTACTO, CORREO_CONTACTO, ACTIVA) VALUES ('Sede Test', 'Dirección Test', 'Distrito Test', '123456789', 'test@test.com', 1)
may. 06, 2025 12:16:09 A. M. com.syntaxerror.biblioteca.persistance.dao.impl.DAOImplBase ejecutarModificacionEnBD
INFO: com.mysql.cj.jdbc.CallableStatement: INSERT INTO BIB_LECTOR(NIVEL, PERSONA_IDPERSONA) VALUES ('BASICO', 8990)
may. 06, 2025 12:16:15 A. M. com.syntaxerror.biblioteca.persistance.dao.impl.DAOImplBase ejecutarModificacionEnBD
INFO: com.mysql.cj.jdbc.CallableStatement: INSERT INTO BIB_LECTOR(NIVEL, PERSONA_IDPERSONA) VALUES ('INTERMEDIO', 8991)
may. 06, 2025 12:16:18 A. M. com.syntaxerror.biblioteca.persistance.dao.impl.DAOImplBase ejecutarModificacionEnBD
INFO: com.mysql.cj.jdbc.CallableStatement: DELETE FROM BIB_LECTOR WHERE ID_LECTOR=44
may. 06, 2025 12:16:22 A. M. com.syntaxerror.biblioteca.persistance.dao.impl.DAOImplBase ejecutarModificacionEnBD
INFO: com.mysql.cj.jdbc.CallableStatement: DELETE FROM BIB_LECTOR WHERE ID_LECTOR=45
]]></system-err>
  </testcase>
  <testcase name="testInsertar" classname="com.syntaxerror.biblioteca.persistance.dao.LectorDAOTest" time="21.51">
    <system-out><![CDATA[---- DATOS DE BIB_PERSONA ----
ID_PERSONA: 8992
NOMBRE_COMPLETO: Juan Pérez
DIRECCION: Av. Siempre Viva 123
TELEFONO: 987654321
CORREO: juan.perez@example.com
---- DATOS DE BIB_LECTOR ----
ID_LECTOR: 46
NIVEL: BASICO
PERSONA_IDPERSONA: 8992
]]></system-out>
    <system-err><![CDATA[may. 06, 2025 12:16:28 A. M. com.syntaxerror.biblioteca.persistance.dao.impl.DAOImplBase ejecutarModificacionEnBD
INFO: com.mysql.cj.jdbc.CallableStatement: INSERT INTO BIB_SEDE(NOMBRE, DIRECCION, DISTRITO, TELEFONO_CONTACTO, CORREO_CONTACTO, ACTIVA) VALUES ('Sede Test', 'Dirección Test', 'Distrito Test', '123456789', 'test@test.com', 1)
may. 06, 2025 12:16:31 A. M. com.syntaxerror.biblioteca.persistance.dao.impl.DAOImplBase ejecutarModificacionEnBD
INFO: com.mysql.cj.jdbc.CallableStatement: INSERT INTO BIB_LECTOR(NIVEL, PERSONA_IDPERSONA) VALUES ('BASICO', 8992)
may. 06, 2025 12:16:37 A. M. com.syntaxerror.biblioteca.persistance.dao.impl.DAOImplBase ejecutarModificacionEnBD
INFO: com.mysql.cj.jdbc.CallableStatement: INSERT INTO BIB_LECTOR(NIVEL, PERSONA_IDPERSONA) VALUES ('INTERMEDIO', 8993)
may. 06, 2025 12:16:39 A. M. com.syntaxerror.biblioteca.persistance.dao.impl.DAOImplBase ejecutarModificacionEnBD
INFO: com.mysql.cj.jdbc.CallableStatement: DELETE FROM BIB_LECTOR WHERE ID_LECTOR=46
may. 06, 2025 12:16:44 A. M. com.syntaxerror.biblioteca.persistance.dao.impl.DAOImplBase ejecutarModificacionEnBD
INFO: com.mysql.cj.jdbc.CallableStatement: DELETE FROM BIB_LECTOR WHERE ID_LECTOR=47
]]></system-err>
  </testcase>
  <testcase name="testListarTodos" classname="com.syntaxerror.biblioteca.persistance.dao.LectorDAOTest" time="22.374">
    <system-out><![CDATA[---- DATOS DE BIB_PERSONA ----
ID_PERSONA: 8994
NOMBRE_COMPLETO: Juan Pérez
DIRECCION: Av. Siempre Viva 123
TELEFONO: 987654321
CORREO: juan.perez@example.com
---- DATOS DE BIB_LECTOR ----
ID_LECTOR: 48
NIVEL: BASICO
PERSONA_IDPERSONA: 8994
]]></system-out>
    <system-err><![CDATA[may. 06, 2025 12:16:49 A. M. com.syntaxerror.biblioteca.persistance.dao.impl.DAOImplBase ejecutarModificacionEnBD
INFO: com.mysql.cj.jdbc.CallableStatement: INSERT INTO BIB_SEDE(NOMBRE, DIRECCION, DISTRITO, TELEFONO_CONTACTO, CORREO_CONTACTO, ACTIVA) VALUES ('Sede Test', 'Dirección Test', 'Distrito Test', '123456789', 'test@test.com', 1)
may. 06, 2025 12:16:52 A. M. com.syntaxerror.biblioteca.persistance.dao.impl.DAOImplBase ejecutarModificacionEnBD
INFO: com.mysql.cj.jdbc.CallableStatement: INSERT INTO BIB_LECTOR(NIVEL, PERSONA_IDPERSONA) VALUES ('BASICO', 8994)
may. 06, 2025 12:16:58 A. M. com.syntaxerror.biblioteca.persistance.dao.impl.DAOImplBase ejecutarModificacionEnBD
INFO: com.mysql.cj.jdbc.CallableStatement: INSERT INTO BIB_LECTOR(NIVEL, PERSONA_IDPERSONA) VALUES ('INTERMEDIO', 8995)
may. 06, 2025 12:17:02 A. M. com.syntaxerror.biblioteca.persistance.dao.impl.DAOImplBase ejecutarModificacionEnBD
INFO: com.mysql.cj.jdbc.CallableStatement: DELETE FROM BIB_LECTOR WHERE ID_LECTOR=48
may. 06, 2025 12:17:06 A. M. com.syntaxerror.biblioteca.persistance.dao.impl.DAOImplBase ejecutarModificacionEnBD
INFO: com.mysql.cj.jdbc.CallableStatement: DELETE FROM BIB_LECTOR WHERE ID_LECTOR=49
]]></system-err>
  </testcase>
</testsuite>